[debug] [2026-02-20T00:51:53.790Z] ----------------------------------------------------------------------
[debug] [2026-02-20T00:51:53.792Z] Command:       C:\Program Files\nodejs\node.exe C:\Users\lalit\AppData\Roaming\npm\node_modules\firebase-tools\lib\bin\firebase.js deploy --only hosting
[debug] [2026-02-20T00:51:53.792Z] CLI Version:   15.6.0
[debug] [2026-02-20T00:51:53.792Z] Platform:      win32
[debug] [2026-02-20T00:51:53.792Z] Node Version:  v24.13.1
[debug] [2026-02-20T00:51:53.792Z] Time:          Fri Feb 20 2026 06:21:53 GMT+0530 (India Standard Time)
[debug] [2026-02-20T00:51:53.793Z] ----------------------------------------------------------------------
[debug] 
[debug] [2026-02-20T00:51:54.661Z] > command requires scopes: ["email","openid","https://www.googleapis.com/auth/cloudplatformprojects.readonly","https://www.googleapis.com/auth/firebase","https://www.googleapis.com/auth/cloud-platform"]
[debug] [2026-02-20T00:51:54.662Z] > authorizing via signed-in user (mouryalalith83@gmail.com)
[debug] [2026-02-20T00:51:54.662Z] [iam] checking project biocyberx-pharma-app-xyz for permissions ["firebase.projects.get","firebasehosting.sites.update"]
[debug] [2026-02-20T00:51:54.663Z] Checked if tokens are valid: true, expires at: 1771550876649
[debug] [2026-02-20T00:51:54.663Z] Checked if tokens are valid: true, expires at: 1771550876649
[debug] [2026-02-20T00:51:54.663Z] >>> [apiv2][query] POST https://cloudresourcemanager.googleapis.com/v1/projects/biocyberx-pharma-app-xyz:testIamPermissions [none]
[debug] [2026-02-20T00:51:54.663Z] >>> [apiv2][(partial)header] POST https://cloudresourcemanager.googleapis.com/v1/projects/biocyberx-pharma-app-xyz:testIamPermissions  x-goog-user-project=biocyberx-pharma-app-xyz
[debug] [2026-02-20T00:51:54.663Z] >>> [apiv2][body] POST https://cloudresourcemanager.googleapis.com/v1/projects/biocyberx-pharma-app-xyz:testIamPermissions {"permissions":["firebase.projects.get","firebasehosting.sites.update"]}
[debug] [2026-02-20T00:51:57.270Z] <<< [apiv2][status] POST https://cloudresourcemanager.googleapis.com/v1/projects/biocyberx-pharma-app-xyz:testIamPermissions 403
[debug] [2026-02-20T00:51:57.270Z] <<< [apiv2][body] POST https://cloudresourcemanager.googleapis.com/v1/projects/biocyberx-pharma-app-xyz:testIamPermissions {"error":{"code":403,"message":"Cloud Resource Manager API has not been used in project biocyberx-pharma-app-xyz before or it is disabled. Enable it by visiting https://console.developers.google.com/apis/api/cloudresourcemanager.googleapis.com/overview?project=biocyberx-pharma-app-xyz then retry. If you enabled this API recently, wait a few minutes for the action to propagate to our systems and retry.","status":"PERMISSION_DENIED","details":[{"@type":"type.googleapis.com/google.rpc.ErrorInfo","reason":"SERVICE_DISABLED","domain":"googleapis.com","metadata":{"serviceTitle":"Cloud Resource Manager API","activationUrl":"https://console.developers.google.com/apis/api/cloudresourcemanager.googleapis.com/overview?project=biocyberx-pharma-app-xyz","containerInfo":"biocyberx-pharma-app-xyz","service":"cloudresourcemanager.googleapis.com","consumer":"projects/biocyberx-pharma-app-xyz"}},{"@type":"type.googleapis.com/google.rpc.LocalizedMessage","locale":"en-US","message":"Cloud Resource Manager API has not been used in project biocyberx-pharma-app-xyz before or it is disabled. Enable it by visiting https://console.developers.google.com/apis/api/cloudresourcemanager.googleapis.com/overview?project=biocyberx-pharma-app-xyz then retry. If you enabled this API recently, wait a few minutes for the action to propagate to our systems and retry."},{"@type":"type.googleapis.com/google.rpc.Help","links":[{"description":"Google developers console API activation","url":"https://console.developers.google.com/apis/api/cloudresourcemanager.googleapis.com/overview?project=biocyberx-pharma-app-xyz"}]}]}}
[debug] [2026-02-20T00:51:57.271Z] [iam] error while checking permissions, command may fail: Request to https://cloudresourcemanager.googleapis.com/v1/projects/biocyberx-pharma-app-xyz:testIamPermissions had HTTP Error: 403, Cloud Resource Manager API has not been used in project biocyberx-pharma-app-xyz before or it is disabled. Enable it by visiting https://console.developers.google.com/apis/api/cloudresourcemanager.googleapis.com/overview?project=biocyberx-pharma-app-xyz then retry. If you enabled this API recently, wait a few minutes for the action to propagate to our systems and retry.
[debug] [2026-02-20T00:51:57.271Z] Checked if tokens are valid: true, expires at: 1771550876649
[debug] [2026-02-20T00:51:57.272Z] Checked if tokens are valid: true, expires at: 1771550876649
[debug] [2026-02-20T00:51:57.272Z] >>> [apiv2][query] GET https://firebase.googleapis.com/v1beta1/projects/biocyberx-pharma-app-xyz [none]
[debug] [2026-02-20T00:52:08.551Z] *** [apiv2] error from fetch(https://firebase.googleapis.com/v1beta1/projects/biocyberx-pharma-app-xyz, {"headers":{},"method":"GET","signal":{"reason":""}}): FetchError: request to https://firebase.googleapis.com/v1beta1/projects/biocyberx-pharma-app-xyz failed, reason: getaddrinfo ENOTFOUND firebase.googleapis.com
[debug] [2026-02-20T00:52:08.551Z] Failed to make request to https://firebase.googleapis.com/v1beta1/projects/biocyberx-pharma-app-xyz (original: request to https://firebase.googleapis.com/v1beta1/projects/biocyberx-pharma-app-xyz failed, reason: getaddrinfo ENOTFOUND firebase.googleapis.com)
[debug] [2026-02-20T00:52:08.554Z] Checked if tokens are valid: true, expires at: 1771550876649
[debug] [2026-02-20T00:52:08.555Z] Checked if tokens are valid: true, expires at: 1771550876649
[debug] [2026-02-20T00:52:08.555Z] >>> [apiv2][query] GET https://firebase.googleapis.com/v1beta1/projects/biocyberx-pharma-app-xyz [none]
[debug] [2026-02-20T00:52:12.703Z] <<< [apiv2][status] GET https://firebase.googleapis.com/v1beta1/projects/biocyberx-pharma-app-xyz 404
[debug] [2026-02-20T00:52:12.703Z] <<< [apiv2][body] GET https://firebase.googleapis.com/v1beta1/projects/biocyberx-pharma-app-xyz {"error":{"code":404,"message":"Requested entity was not found.","status":"NOT_FOUND"}}
[debug] [2026-02-20T00:52:12.704Z] Couldn't get project info from firedata for biocyberx-pharma-app-xyz, trying resource manager. Original error: FirebaseError: Request to https://firebase.googleapis.com/v1beta1/projects/biocyberx-pharma-app-xyz had HTTP Error: 404, Requested entity was not found.
[debug] [2026-02-20T00:52:12.704Z] Checked if tokens are valid: true, expires at: 1771550876649
[debug] [2026-02-20T00:52:12.704Z] Checked if tokens are valid: true, expires at: 1771550876649
[debug] [2026-02-20T00:52:12.704Z] >>> [apiv2][query] GET https://serviceusage.googleapis.com/v1/projects/biocyberx-pharma-app-xyz/services/cloudresourcemanager.googleapis.com [none]
[debug] [2026-02-20T00:52:12.704Z] >>> [apiv2][(partial)header] GET https://serviceusage.googleapis.com/v1/projects/biocyberx-pharma-app-xyz/services/cloudresourcemanager.googleapis.com  x-goog-user-project=biocyberx-pharma-app-xyz
[debug] [2026-02-20T00:52:34.558Z] *** [apiv2] error from fetch(https://serviceusage.googleapis.com/v1/projects/biocyberx-pharma-app-xyz/services/cloudresourcemanager.googleapis.com, {"headers":{},"method":"GET"}): FetchError: request to https://serviceusage.googleapis.com/v1/projects/biocyberx-pharma-app-xyz/services/cloudresourcemanager.googleapis.com failed, reason: 
[debug] [2026-02-20T00:52:34.558Z] Unable to check that https://cloudresourcemanager.googleapis.com is enabled on biocyberx-pharma-app-xyz. Calls to it will fail if it is not enabled
[debug] [2026-02-20T00:52:34.559Z] Checked if tokens are valid: true, expires at: 1771550876649
[debug] [2026-02-20T00:52:34.559Z] Checked if tokens are valid: true, expires at: 1771550876649
[debug] [2026-02-20T00:52:34.559Z] >>> [apiv2][query] GET https://cloudresourcemanager.googleapis.com/v1/projects/biocyberx-pharma-app-xyz [none]
[debug] [2026-02-20T00:52:39.195Z] <<< [apiv2][status] GET https://cloudresourcemanager.googleapis.com/v1/projects/biocyberx-pharma-app-xyz 200
[debug] [2026-02-20T00:52:39.195Z] <<< [apiv2][body] GET https://cloudresourcemanager.googleapis.com/v1/projects/biocyberx-pharma-app-xyz {"projectNumber":"1090335889642","projectId":"biocyberx-pharma-app-xyz","lifecycleState":"ACTIVE","name":"BioCyberX Pharma App","createTime":"2026-02-20T00:40:50.864521Z"}
[debug] [2026-02-20T00:52:39.195Z] the default site does not exist on the Firebase project; asking Hosting.
[debug] [2026-02-20T00:52:39.195Z] Checked if tokens are valid: true, expires at: 1771550876649
[debug] [2026-02-20T00:52:39.195Z] Checked if tokens are valid: true, expires at: 1771550876649
[debug] [2026-02-20T00:52:39.195Z] >>> [apiv2][query] GET https://firebasehosting.googleapis.com/v1beta1/projects/biocyberx-pharma-app-xyz/sites pageToken=&pageSize=10
[debug] [2026-02-20T00:52:41.879Z] <<< [apiv2][status] GET https://firebasehosting.googleapis.com/v1beta1/projects/biocyberx-pharma-app-xyz/sites 200
[debug] [2026-02-20T00:52:41.880Z] <<< [apiv2][body] GET https://firebasehosting.googleapis.com/v1beta1/projects/biocyberx-pharma-app-xyz/sites {}
[info] 
   Thank you for trying our early preview of Next.js support on Firebase Hosting.
   During the preview, support is best-effort and breaking changes can be expected. Proceed with caution.
   The integration is known to work with Next.js version 12 - 15.0. You may encounter errors.

   Documentation: https://firebase.google.com/docs/hosting/frameworks/nextjs
   File a bug: https://github.com/firebase/firebase-tools/issues/new?template=bug_report.md
   Submit a feature request: https://github.com/firebase/firebase-tools/issues/new?template=feature_request.md

   We'd love to learn from you. Express your interest in helping us shape the future of Firebase Hosting: https://goo.gle/41enW5X

[debug] [2026-02-20T00:52:46.773Z] Checked if tokens are valid: true, expires at: 1771550876649
[debug] [2026-02-20T00:52:46.773Z] Checked if tokens are valid: true, expires at: 1771550876649
[debug] [2026-02-20T00:52:46.773Z] >>> [apiv2][query] GET https://firebasehosting.googleapis.com/v1beta1/projects/biocyberx-pharma-app-xyz/sites/biocyberx-pharma-app-xyz [none]
[debug] [2026-02-20T00:52:47.195Z] <<< [apiv2][status] GET https://firebasehosting.googleapis.com/v1beta1/projects/biocyberx-pharma-app-xyz/sites/biocyberx-pharma-app-xyz 404
[debug] [2026-02-20T00:52:47.195Z] <<< [apiv2][body] GET https://firebasehosting.googleapis.com/v1beta1/projects/biocyberx-pharma-app-xyz/sites/biocyberx-pharma-app-xyz {"error":{"code":404,"message":"Requested entity was not found.","status":"NOT_FOUND"}}
[info] ▲ Next.js 16.1.6 (Turbopack)

[info] 

[info]   Creating an optimized production build ...

[info] ✓ Compiled successfully in 1395.4ms

[info]   Running TypeScript ...

[info]   Collecting page data using 19 workers ...

[info]   Generating static pages using 19 workers (0/5) ...

[info]   Generating static pages using 19 workers (1/5) 

[info]   Generating static pages using 19 workers (2/5) 

[info]   Generating static pages using 19 workers (3/5) 

[info] ✓ Generating static pages using 19 workers (5/5) in 358.4ms

[info]   Finalizing page optimization ...

[info] 

[info] Route (app)
┌ ○ /
├ ○ /_not-found
└ ○ /dashboard


[info] 
○  (Static)  prerendered as static content


[info] Building a Cloud Function to run this application. This is needed due to:
[info]  • advanced rewrites
[info] 
[debug] [2026-02-20T00:52:53.862Z] Checked if tokens are valid: true, expires at: 1771550876649
[debug] [2026-02-20T00:52:53.862Z] Checked if tokens are valid: true, expires at: 1771550876649
[debug] [2026-02-20T00:52:53.862Z] >>> [apiv2][query] GET https://firebasehosting.googleapis.com/v1beta1/projects/biocyberx-pharma-app-xyz/sites/biocyberx-pharma-app-xyz [none]
[debug] [2026-02-20T00:52:55.480Z] <<< [apiv2][status] GET https://firebasehosting.googleapis.com/v1beta1/projects/biocyberx-pharma-app-xyz/sites/biocyberx-pharma-app-xyz 404
[debug] [2026-02-20T00:52:55.480Z] <<< [apiv2][body] GET https://firebasehosting.googleapis.com/v1beta1/projects/biocyberx-pharma-app-xyz/sites/biocyberx-pharma-app-xyz {"error":{"code":404,"message":"Requested entity was not found.","status":"NOT_FOUND"}}
